<?xml version="1.0" encoding="UTF-8"?>
<testng-results ignored="0" total="1" passed="1" failed="0" skipped="0">
  <reporter-output>
  </reporter-output>
  <suite started-at="2020-07-14T07:43:48 IST" name="Surefire suite" finished-at="2020-07-14T07:44:00 IST" duration-ms="11182">
    <groups>
    </groups>
    <test started-at="2020-07-14T07:43:48 IST" name="Surefire test" finished-at="2020-07-14T07:44:00 IST" duration-ms="11182">
      <class name="com.herokuapp.theinternet.NegativeTests">
        <test-method signature="NegativeUserNameTest()[pri:0, instance:com.herokuapp.theinternet.NegativeTests@55b699ef]" started-at="2020-07-14T07:43:48 IST" name="NegativeUserNameTest" finished-at="2020-07-14T07:44:00 IST" duration-ms="11123" status="PASS">
          <reporter-output>
          </reporter-output>
        </test-method> <!-- NegativeUserNameTest -->
      </class> <!-- com.herokuapp.theinternet.NegativeTests -->
    </test> <!-- Surefire test -->
  </suite> <!-- Surefire suite -->
</testng-results>
