<?xml version="1.0" encoding="UTF-8"?>
<testng-results ignored="0" total="1" passed="1" failed="0" skipped="0">
  <reporter-output>
  </reporter-output>
  <suite started-at="2020-07-14T08:00:41 IST" name="Default suite" finished-at="2020-07-14T08:00:53 IST" duration-ms="11584">
    <groups>
    </groups>
    <test started-at="2020-07-14T08:00:41 IST" name="Default test" finished-at="2020-07-14T08:00:53 IST" duration-ms="11584">
      <class name="com.herokuapp.theinternet.NegativeTests">
        <test-method signature="NegativeUserNameTest()[pri:0, instance:com.herokuapp.theinternet.NegativeTests@7748410a]" started-at="2020-07-14T08:00:41 IST" name="NegativeUserNameTest" finished-at="2020-07-14T08:00:53 IST" duration-ms="11507" status="PASS">
          <reporter-output>
          </reporter-output>
        </test-method> <!-- NegativeUserNameTest -->
      </class> <!-- com.herokuapp.theinternet.NegativeTests -->
    </test> <!-- Default test -->
  </suite> <!-- Default suite -->
</testng-results>
